[ERROR] - 2022-12-30 12:50:00,826 - Source log file: /Users/tuimac/github/autopagepdf/src/AutoPagePdf.py line: 201 https://webcache.googleusercontent.com/search?q=cache:_r2S5b0QELEJ:https://www.job-net.jp/jobs/827107&cd=3&hl=ja&ct=clnk&gl=jp is invalid url. So cannot reachable.
[ERROR] - 2022-12-30 12:50:02,892 - Source log file: /Users/tuimac/github/autopagepdf/src/AutoPagePdf.py line: 201 https://webcache.googleusercontent.com/search?q=cache:_r2S5b0QELEJ:https://www.job-net.jp/jobs/827107&cd=3&hl=ja&ct=clnk&gl=jp is invalid url. So cannot reachable.
[ERROR] - 2022-12-30 12:50:04,152 - Source log file: /Users/tuimac/github/autopagepdf/src/AutoPagePdf.py line: 201 https://webcache.googleusercontent.com/search?q=cache:_r2S5b0QELEJ:https://www.job-net.jp/jobs/827107&cd=3&hl=ja&ct=clnk&gl=jp is invalid url. So cannot reachable.
[ERROR] - 2022-12-30 12:50:05,434 - Source log file: /Users/tuimac/github/autopagepdf/src/AutoPagePdf.py line: 201 https://webcache.googleusercontent.com/search?q=cache:_r2S5b0QELEJ:https://www.job-net.jp/jobs/827107&cd=3&hl=ja&ct=clnk&gl=jp is invalid url. So cannot reachable.
[ERROR] - 2022-12-30 12:50:06,664 - Source log file: /Users/tuimac/github/autopagepdf/src/AutoPagePdf.py line: 201 https://webcache.googleusercontent.com/search?q=cache:V2mfAlCNfb4J:https://www.job-net.jp/jobs/4895248&cd=2&hl=ja&ct=clnk&gl=jp is invalid url. So cannot reachable.
[ERROR] - 2022-12-30 12:50:06,915 - Source log file: /Users/tuimac/github/autopagepdf/src/AutoPagePdf.py line: 201 https://www.job-net.jp/jobs/4455338 is invalid url. So cannot reachable.
[ERROR] - 2022-12-30 12:50:08,415 - Source log file: /Users/tuimac/github/autopagepdf/src/AutoPagePdf.py line: 201 https://webcache.googleusercontent.com/search?q=cache:AYG403zy9ksJ:https://www.job-net.jp/jobs/4455337&cd=1&hl=ja&ct=clnk&gl=jp is invalid url. So cannot reachable.
[ERROR] - 2022-12-30 12:50:08,604 - Source log file: /Users/tuimac/github/autopagepdf/src/AutoPagePdf.py line: 201 https://www.job-net.jp/jobs/2090912 is invalid url. So cannot reachable.
[ERROR] - 2022-12-30 12:50:08,776 - Source log file: /Users/tuimac/github/autopagepdf/src/AutoPagePdf.py line: 201 https://www.job-net.jp/jobs/1984021/amp is invalid url. So cannot reachable.
[ERROR] - 2022-12-30 12:50:08,968 - Source log file: /Users/tuimac/github/autopagepdf/src/AutoPagePdf.py line: 201 https://www.job-net.jp/jobs/1984021/amp is invalid url. So cannot reachable.
[ERROR] - 2022-12-30 12:50:09,236 - Source log file: /Users/tuimac/github/autopagepdf/src/AutoPagePdf.py line: 201 https://hellowork-plus.com/job-8879230/ is invalid url. So cannot reachable.
[ERROR] - 2022-12-30 12:50:10,494 - Source log file: /Users/tuimac/github/autopagepdf/src/AutoPagePdf.py line: 201 https://webcache.googleusercontent.com/search?q=cache:yqrAYWc_b4kJ:https://www.job-net.jp/jobs/1997162&cd=2&hl=ja&ct=clnk&gl=jp is invalid url. So cannot reachable.
[ERROR] - 2022-12-30 12:50:10,688 - Source log file: /Users/tuimac/github/autopagepdf/src/AutoPagePdf.py line: 201 https://www.job-net.jp/jobs/975392 is invalid url. So cannot reachable.
[ERROR] - 2022-12-30 12:50:11,928 - Source log file: /Users/tuimac/github/autopagepdf/src/AutoPagePdf.py line: 201 https://webcache.googleusercontent.com/search?q=cache:T-wT6--3LPQJ:https://www.job-net.jp/jobs/942037&cd=2&hl=ja&ct=clnk&gl=jp is invalid url. So cannot reachable.
[ERROR] - 2022-12-30 12:50:12,896 - Source log file: /Users/tuimac/github/autopagepdf/src/AutoPagePdf.py line: 201 https://kyujin-kaigo.net/jobs/7589?utm_campaign=google_jobs_apply&utm_source=google_jobs_apply&utm_medium=organic is invalid url. So cannot reachable.
[ERROR] - 2022-12-30 12:50:14,576 - Source log file: /Users/tuimac/github/autopagepdf/src/AutoPagePdf.py line: 201 https://kyujin-kaigo.net/jobs/7589?utm_campaign=google_jobs_apply&utm_source=google_jobs_apply&utm_medium=organic is invalid url. So cannot reachable.
[ERROR] - 2022-12-30 12:52:10,063 - Source log file: /Users/tuimac/github/autopagepdf/src/AutoPagePdf.py line: 201 https://webcache.googleusercontent.com/search?q=cache:cdOo5Gh1Q7UJ:https://11.4510life.com/job_offer/show_recruit_info_in_detail/10557332%3Fcompany_id%3D1379476&cd=1&hl=ja&ct=clnk&gl=jp is invalid url. So cannot reachable.
[ERROR] - 2022-12-30 12:52:14,364 - Source log file: /Users/tuimac/github/autopagepdf/src/AutoPagePdf.py line: 201 https://webcache.googleusercontent.com/search?q=cache:cdOo5Gh1Q7UJ:https://11.4510life.com/job_offer/show_recruit_info_in_detail/10557332%3Fcompany_id%3D1379476&cd=1&hl=ja&ct=clnk&gl=jp is invalid url. So cannot reachable.
[ERROR] - 2022-12-30 12:52:18,182 - Source log file: /Users/tuimac/github/autopagepdf/src/AutoPagePdf.py line: 201 https://kyujin-kaigo.net/jobs/62220?utm_campaign=google_jobs_apply&utm_source=google_jobs_apply&utm_medium=organic is invalid url. So cannot reachable.
[ERROR] - 2022-12-30 12:52:20,256 - Source log file: /Users/tuimac/github/autopagepdf/src/AutoPagePdf.py line: 201 https://webcache.googleusercontent.com/search?q=cache:1Ug-_5J4kugJ:https://www.job-net.jp/jobs/4591225&cd=1&hl=ja&ct=clnk&gl=jp is invalid url. So cannot reachable.
[ERROR] - 2022-12-30 12:52:20,508 - Source log file: /Users/tuimac/github/autopagepdf/src/AutoPagePdf.py line: 201 https://hellowork-plus.com/job-12072701/ is invalid url. So cannot reachable.
[ERROR] - 2022-12-30 12:52:21,745 - Source log file: /Users/tuimac/github/autopagepdf/src/AutoPagePdf.py line: 201 https://webcache.googleusercontent.com/search?q=cache:E1AqGUUZ0i4J:https://www.job-net.jp/jobs/4591228&cd=2&hl=ja&ct=clnk&gl=jp is invalid url. So cannot reachable.
[ERROR] - 2022-12-30 12:52:21,943 - Source log file: /Users/tuimac/github/autopagepdf/src/AutoPagePdf.py line: 201 https://www.job-net.jp/jobs/3173804/amp is invalid url. So cannot reachable.
[ERROR] - 2022-12-30 12:52:23,625 - Source log file: /Users/tuimac/github/autopagepdf/src/AutoPagePdf.py line: 201 https://webcache.googleusercontent.com/search?q=cache:-Y-M8g9y4I0J:https://www.job-net.jp/jobs/2512042/amp&cd=2&hl=ja&ct=clnk&gl=jp is invalid url. So cannot reachable.
